<?xml version="1.0" encoding="UTF-8"?>
<!-- Generated by org.testng.reporters.JUnitXMLReporter -->
<testsuite hostname="User" name="Test" tests="6" failures="0" timestamp="16 Mar 2019 09:37:52 GMT" time="0.076" errors="0">
  <testcase name="iosApp" time="0.025" classname="TestCases.RestApiTest"/>
  <testcase name="nativeAndroid" time="0.0" classname="TestCases.RestApiTest"/>
  <testcase name="deleteTwitter" time="0.001" classname="TestCases.AppiumTest"/>
  <testcase name="postJira" time="0.0" classname="TestCases.AppiumTest"/>
  <testcase name="browserAutomation" time="0.002" classname="TestCases.SeleniumTest"/>
  <testcase name="elementsUi" time="0.001" classname="TestCases.SeleniumTest"/>
</testsuite> <!-- Test -->
