<?xml version="1.0" encoding="UTF-8"?>
<testng-results skipped="0" failed="0" total="6" passed="6">
  <reporter-output>
  </reporter-output>
  <suite name="Suite" duration-ms="76" started-at="2019-03-16T09:37:52Z" finished-at="2019-03-16T09:37:52Z">
    <groups>
    </groups>
    <test name="Test" duration-ms="76" started-at="2019-03-16T09:37:52Z" finished-at="2019-03-16T09:37:52Z">
      <class name="TestCases.SeleniumTest">
        <test-method status="PASS" signature="browserAutomation()[pri:0, instance:TestCases.SeleniumTest@3a03464]" name="browserAutomation" duration-ms="2" started-at="2019-03-16T15:07:52Z" finished-at="2019-03-16T15:07:52Z">
          <reporter-output>
          </reporter-output>
        </test-method> <!-- browserAutomation -->
        <test-method status="PASS" signature="elementsUi()[pri:0, instance:TestCases.SeleniumTest@3a03464]" name="elementsUi" duration-ms="1" started-at="2019-03-16T15:07:52Z" finished-at="2019-03-16T15:07:52Z">
          <reporter-output>
          </reporter-output>
        </test-method> <!-- elementsUi -->
      </class> <!-- TestCases.SeleniumTest -->
      <class name="TestCases.AppiumTest">
        <test-method status="PASS" signature="deleteTwitter()[pri:0, instance:TestCases.AppiumTest@9f70c54]" name="deleteTwitter" duration-ms="1" started-at="2019-03-16T15:07:52Z" finished-at="2019-03-16T15:07:52Z">
          <reporter-output>
          </reporter-output>
        </test-method> <!-- deleteTwitter -->
        <test-method status="PASS" signature="postJira()[pri:0, instance:TestCases.AppiumTest@9f70c54]" name="postJira" duration-ms="0" started-at="2019-03-16T15:07:52Z" finished-at="2019-03-16T15:07:52Z">
          <reporter-output>
          </reporter-output>
        </test-method> <!-- postJira -->
      </class> <!-- TestCases.AppiumTest -->
      <class name="TestCases.RestApiTest">
        <test-method status="PASS" signature="iosApp()[pri:0, instance:TestCases.RestApiTest@2096442d]" name="iosApp" duration-ms="25" started-at="2019-03-16T15:07:52Z" finished-at="2019-03-16T15:07:52Z">
          <reporter-output>
          </reporter-output>
        </test-method> <!-- iosApp -->
        <test-method status="PASS" signature="nativeAndroid()[pri:0, instance:TestCases.RestApiTest@2096442d]" name="nativeAndroid" duration-ms="0" started-at="2019-03-16T15:07:52Z" finished-at="2019-03-16T15:07:52Z">
          <reporter-output>
          </reporter-output>
        </test-method> <!-- nativeAndroid -->
      </class> <!-- TestCases.RestApiTest -->
    </test> <!-- Test -->
  </suite> <!-- Suite -->
</testng-results>
